Build started 7/3/2015 6:34:17 PM.
     1>Project "C:\Users\Aayush Vardhan\documents\visual studio 2010\Projects\HV_EventManagement\HV_EventManagement\HV_EventManagement.vcxproj" on node 2 (build target(s)).
     1>InitializeBuildStatus:
         Creating "Debug\HV_EventManagement.unsuccessfulbuild" because "AlwaysCreate" was specified.
       GenerateTargetFrameworkMonikerAttribute:
       Skipping target "GenerateTargetFrameworkMonikerAttribute" because all output files are up-to-date with respect to the input files.
       ClCompile:
         All outputs are up-to-date.
         C:\Program Files (x86)\Microsoft Visual Studio 10.0\VC\bin\CL.exe /c /AI"C:\Program Files (x86)\Reference Assemblies\Microsoft\Framework\.NETFramework\v4.0" /Zi /clr:pure /nologo /W3 /WX- /Od /Oy- /D WIN32 /D _DEBUG /D _UNICODE /D UNICODE /EHa /MDd /GS /fp:precise /Zc:wchar_t /Zc:forScope /Yu"StdAfx.h" /Fp"Debug\HV_EventManagement.pch" /Fo"Debug\\" /Fd"Debug\vc100.pdb" /TP /FU"C:\Program Files (x86)\MySQL\MySQL Connector Net 6.9.6\Assemblies\v4.0\MySql.Data.dll" /FU"C:\Program Files (x86)\Reference Assemblies\Microsoft\Framework\.NETFramework\v4.0\System.Core.dll" /FU"C:\Program Files (x86)\Reference Assemblies\Microsoft\Framework\.NETFramework\v4.0\System.Data.dll" /FU"C:\Program Files (x86)\Reference Assemblies\Microsoft\Framework\.NETFramework\v4.0\System.dll" /FU"C:\Program Files (x86)\Reference Assemblies\Microsoft\Framework\.NETFramework\v4.0\System.Drawing.dll" /FU"C:\Program Files (x86)\Reference Assemblies\Microsoft\Framework\.NETFramework\v4.0\System.Windows.Forms.dll" /FU"C:\Program Files (x86)\Reference Assemblies\Microsoft\Framework\.NETFramework\v4.0\System.Xml.dll" /analyze- /errorReport:prompt HV_EventManagement.cpp Register.cpp /clr:nostdlib 
         HV_EventManagement.cpp
     1>c:\users\aayush vardhan\documents\visual studio 2010\projects\hv_eventmanagement\hv_eventmanagement\Register.h(730): warning C4244: 'initializing' : conversion from 'wchar_t' to 'char', possible loss of data
     1>c:\users\aayush vardhan\documents\visual studio 2010\projects\hv_eventmanagement\hv_eventmanagement\Register.h(755): warning C4244: 'initializing' : conversion from 'wchar_t' to 'char', possible loss of data
     1>c:\users\aayush vardhan\documents\visual studio 2010\projects\hv_eventmanagement\hv_eventmanagement\Register.h(763): warning C4244: 'initializing' : conversion from 'wchar_t' to 'char', possible loss of data
         Register.cpp
     1>c:\users\aayush vardhan\documents\visual studio 2010\projects\hv_eventmanagement\hv_eventmanagement\Register.h(730): warning C4244: 'initializing' : conversion from 'wchar_t' to 'char', possible loss of data
     1>c:\users\aayush vardhan\documents\visual studio 2010\projects\hv_eventmanagement\hv_eventmanagement\Register.h(755): warning C4244: 'initializing' : conversion from 'wchar_t' to 'char', possible loss of data
     1>c:\users\aayush vardhan\documents\visual studio 2010\projects\hv_eventmanagement\hv_eventmanagement\Register.h(763): warning C4244: 'initializing' : conversion from 'wchar_t' to 'char', possible loss of data
         Generating Code...
         All outputs are up-to-date.
       CoreResGen:
         "C:\Program Files (x86)\Microsoft SDKs\Windows\v7.0A\bin\NETFX 4.0 Tools\resgen.exe" /useSourcePath /r:"C:\Program Files (x86)\MySQL\MySQL Connector Net 6.9.6\Assemblies\v4.0\MySql.Data.dll" /r:"C:\Program Files (x86)\Reference Assemblies\Microsoft\Framework\.NETFramework\v4.0\System.Core.dll" /r:"C:\Program Files (x86)\Reference Assemblies\Microsoft\Framework\.NETFramework\v4.0\System.Data.dll" /r:"C:\Program Files (x86)\Reference Assemblies\Microsoft\Framework\.NETFramework\v4.0\System.dll" /r:"C:\Program Files (x86)\Reference Assemblies\Microsoft\Framework\.NETFramework\v4.0\System.Drawing.dll" /r:"C:\Program Files (x86)\Reference Assemblies\Microsoft\Framework\.NETFramework\v4.0\System.Windows.Forms.dll" /r:"C:\Program Files (x86)\Reference Assemblies\Microsoft\Framework\.NETFramework\v4.0\System.Xml.dll" /compile Register.resx,Debug\HV_EventManagement.Register.resources
         Processing resource file "Register.resx" into "Debug\HV_EventManagement.Register.resources".
       ResourceCompile:
         All outputs are up-to-date.
       Link:
         C:\Program Files (x86)\Microsoft Visual Studio 10.0\VC\bin\link.exe /ERRORREPORT:PROMPT /OUT:"C:\Users\Aayush Vardhan\documents\visual studio 2010\Projects\HV_EventManagement\Debug\HV_EventManagement.exe" /INCREMENTAL /NOLOGO /ASSEMBLYRESOURCE:Debug\HV_EventManagement.Form1.resources /ASSEMBLYRESOURCE:Debug\HV_EventManagement.Register.resources /MANIFEST /ManifestFile:"Debug\HV_EventManagement.exe.intermediate.manifest" /MANIFESTUAC:"level='asInvoker' uiAccess='false'" /DEBUG /PDB:"C:\Users\Aayush Vardhan\documents\visual studio 2010\Projects\HV_EventManagement\Debug\HV_EventManagement.pdb" /ASSEMBLYDEBUG /SUBSYSTEM:WINDOWS /TLBID:1 /ENTRY:"main" /DYNAMICBASE /FIXED:NO /NXCOMPAT /MACHINE:X86 Debug\app.res
         Debug\AssemblyInfo.obj
         Debug\HV_EventManagement.obj
         Debug\Register.obj
         Debug\stdafx.obj
         "Debug\.NETFramework,Version=v4.0.AssemblyAttributes.obj"
         HV_EventManagement.vcxproj -> C:\Users\Aayush Vardhan\documents\visual studio 2010\Projects\HV_EventManagement\Debug\HV_EventManagement.exe
       Manifest:
         C:\Program Files (x86)\Microsoft SDKs\Windows\v7.0A\bin\mt.exe /nologo /verbose /outputresource:"C:\Users\Aayush Vardhan\documents\visual studio 2010\Projects\HV_EventManagement\Debug\HV_EventManagement.exe;#1" /manifest Debug\HV_EventManagement.exe.intermediate.manifest
       FinalizeBuildStatus:
         Deleting file "Debug\HV_EventManagement.unsuccessfulbuild".
         Touching "Debug\HV_EventManagement.lastbuildstate".
     1>Done Building Project "C:\Users\Aayush Vardhan\documents\visual studio 2010\Projects\HV_EventManagement\HV_EventManagement\HV_EventManagement.vcxproj" (build target(s)).

Build succeeded.

Time Elapsed 00:00:03.78
